0 info it worked if it ends with ok
1 verbose cli [ 'C:\\Program Files\\nodejs\\\\node.exe',
1 verbose cli   'C:\\Program Files\\nodejs\\node_modules\\npm\\bin\\npm-cli.js',
1 verbose cli   'publish',
1 verbose cli   'censorify' ]
2 info using npm@1.4.14
3 info using node@v0.10.29
4 verbose node symlink C:\Program Files\nodejs\\node.exe
5 verbose publish [ 'censorify' ]
6 verbose cache add [ 'censorify', null ]
7 verbose cache add name=undefined spec="censorify" args=["censorify",null]
8 verbose parsed url { protocol: null,
8 verbose parsed url   slashes: null,
8 verbose parsed url   auth: null,
8 verbose parsed url   host: null,
8 verbose parsed url   port: null,
8 verbose parsed url   hostname: null,
8 verbose parsed url   hash: null,
8 verbose parsed url   search: null,
8 verbose parsed url   query: null,
8 verbose parsed url   pathname: 'censorify',
8 verbose parsed url   path: 'censorify',
8 verbose parsed url   href: 'censorify' }
9 silly lockFile af5bf94b-censorify censorify
10 verbose lock censorify C:\Users\Kate\AppData\Roaming\npm-cache\af5bf94b-censorify.lock
11 silly lockFile af5bf94b-censorify censorify
12 silly lockFile af5bf94b-censorify censorify
13 verbose addNamed [ 'censorify', '' ]
14 verbose addNamed [ null, '*' ]
15 silly lockFile 7826f41b-censorify censorify@
16 verbose lock censorify@ C:\Users\Kate\AppData\Roaming\npm-cache\7826f41b-censorify.lock
17 silly addNameRange { name: 'censorify', range: '*', hasData: false }
18 verbose url raw censorify
19 verbose url resolving [ 'https://registry.npmjs.org/', './censorify' ]
20 verbose url resolved https://registry.npmjs.org/censorify
21 info trying registry request attempt 1 at 15:17:04
22 verbose etag "C0IUWEEJSTRLH5UX9YTTDWEUY"
23 http GET https://registry.npmjs.org/censorify
24 http 304 https://registry.npmjs.org/censorify
25 silly registry.get cb [ 304,
25 silly registry.get   { date: 'Tue, 24 Jun 2014 22:17:04 GMT',
25 silly registry.get     server: 'Apache',
25 silly registry.get     via: '1.1 varnish',
25 silly registry.get     'last-modified': 'Tue, 24 Jun 2014 22:17:04 GMT',
25 silly registry.get     'cache-control': 'max-age=30',
25 silly registry.get     etag: '"C0IUWEEJSTRLH5UX9YTTDWEUY"',
25 silly registry.get     'x-served-by': 'cache-ord1735-ORD',
25 silly registry.get     'x-cache': 'MISS',
25 silly registry.get     'x-cache-hits': '0',
25 silly registry.get     'x-timer': 'S1403648224.636465,VS0,VE30',
25 silly registry.get     vary: 'Accept',
25 silly registry.get     'content-length': '0',
25 silly registry.get     'keep-alive': 'timeout=10, max=50',
25 silly registry.get     connection: 'Keep-Alive' } ]
26 verbose etag censorify from cache
27 silly addNameRange number 2 { name: 'censorify', range: '*', hasData: true }
28 silly addNameRange versions [ 'censorify', [ '0.1.1' ] ]
29 verbose addNamed [ 'censorify', '0.1.1' ]
30 verbose addNamed [ '0.1.1', '0.1.1' ]
31 silly lockFile 49937795-censorify-0-1-1 censorify@0.1.1
32 verbose lock censorify@0.1.1 C:\Users\Kate\AppData\Roaming\npm-cache\49937795-censorify-0-1-1.lock
33 silly lockFile 49937795-censorify-0-1-1 censorify@0.1.1
34 silly lockFile 49937795-censorify-0-1-1 censorify@0.1.1
35 silly lockFile 7826f41b-censorify censorify@
36 silly lockFile 7826f41b-censorify censorify@
37 silly publish { author: { name: 'Kate Wu' },
37 silly publish   name: 'censorify',
37 silly publish   version: '0.1.1',
37 silly publish   description: 'Censors words out of text',
37 silly publish   main: 'censortext',
37 silly publish   dependencies: {},
37 silly publish   engines: { node: '*' },
37 silly publish   readme: '\r\n\r\n# censorify\r\n\r\n\r\n\r\n## Usage\r\n\r\n\r\n\r\n## Developing\r\n\r\n\r\n\r\n### Tools\r\n\r\nCreated with [Nodeclipse](https://github.com/Nodeclipse/nodeclipse-1)\r\n ([Eclipse Marketplace](http://marketplace.eclipse.org/content/nodeclipse), [site](http://www.nodeclipse.org))   \r\n\r\nNodeclipse is free open-source project that grows with your contributions.\r\n',
37 silly publish   readmeFilename: 'README.md',
37 silly publish   _id: 'censorify@0.1.1',
37 silly publish   _shasum: '0fcc720b8c08a18ba2acd93f4ab19070ec72d737',
37 silly publish   _resolved: '../censorify/censorify-0.1.1.tgz',
37 silly publish   _from: 'censorify@' }
38 info prepublish censorify@0.1.1
39 verbose url raw censorify
40 verbose url resolving [ 'https://registry.npmjs.org/', './censorify' ]
41 verbose url resolved https://registry.npmjs.org/censorify
42 info trying registry request attempt 1 at 15:17:04
43 http PUT https://registry.npmjs.org/censorify
44 http 403 https://registry.npmjs.org/censorify
45 verbose headers { date: 'Tue, 24 Jun 2014 22:17:05 GMT',
45 verbose headers   server: 'CouchDB/1.5.0 (Erlang OTP/R14B04)',
45 verbose headers   'content-type': 'application/json',
45 verbose headers   'cache-control': 'max-age=30',
45 verbose headers   'content-length': '2327',
45 verbose headers   'accept-ranges': 'bytes',
45 verbose headers   via: '1.1 varnish',
45 verbose headers   'x-served-by': 'cache-ord1721-ORD',
45 verbose headers   'x-cache': 'MISS',
45 verbose headers   'x-cache-hits': '0',
45 verbose headers   'x-timer': 'S1403648225.008520,VS0,VE249',
45 verbose headers   'keep-alive': 'timeout=10, max=50',
45 verbose headers   connection: 'Keep-Alive' }
46 error publish Failed PUT 403
47 error Error: forbidden cannot modify pre-existing version: 0.1.1
47 error old={"author":{"name":"Brad Dayley"},"name":"censorify","version":"0.1.1","description":"Censors words out of text","main":"censortext","repository":{"type":"git","url":"https://github.com/sisingh/nodebook-ch03-censorify"},"keywords":["censor","words"],"dependencies":{},"engines":{"node":"*"},"readme":"This is first node.js file\u000a","readmeFilename":"README.md","bugs":{"url":"https://github.com/sisingh/nodebook-ch03-censorify/issues"},"homepage":"https://github.com/sisingh/nodebook-ch03-censorify","_id":"censorify@0.1.1","dist":{"shasum":"359a8af77858685bf2926c93ec3fb582ae704aa9","tarball":"http://registry.npmjs.org/censorify/-/censorify-0.1.1.tgz"},"_from":".","_npmVersion":"1.3.21","_npmUser":{"name":"sisingh","email":"singh_siddhu@yahoo.com"},"maintainers":[{"name":"sisingh","email":"singh_siddhu@yahoo.com"}]}
47 error new={"author":{"name":"Kate Wu"},"name":"censorify","version":"0.1.1","description":"Censors words out of text","main":"censortext","dependencies":{},"engines":{"node":"*"},"readme":"\u000d\u000a\u000d\u000a# censorify\u000d\u000a\u000d\u000a\u000d\u000a\u000d\u000a## Usage\u000d\u000a\u000d\u000a\u000d\u000a\u000d\u000a## Developing\u000d\u000a\u000d\u000a\u000d\u000a\u000d\u000a### Tools\u000d\u000a\u000d\u000aCreated with [Nodeclipse](https://github.com/Nodeclipse/nodeclipse-1)\u000d\u000a ([Eclipse Marketplace](http://marketplace.eclipse.org/content/nodeclipse), [site](http://www.nodeclipse.org))   \u000d\u000a\u000d\u000aNodeclipse is free open-source project that grows with your contributions.\u000d\u000a","readmeFilename":"README.md","_id":"censorify@0.1.1","_shasum":"0fcc720b8c08a18ba2acd93f4ab19070ec72d737","_resolved":"../censorify/censorify-0.1.1.tgz","_from":"censorify@","scripts":{},"_npmVersion":"1.4.14","_npmUser":{"name":"kateywu","email":"kateywu@gmail.com"},"maintainers":[{"name":"kateywu","email":"kateywu@gmail.com"}],"dist":{"shasum":"0fcc720b8c08a18ba2acd93f4ab19070ec72d737","tarball":"http://registry.npmjs.org/censorify/-/censorify-0.1.1.tgz"}}: censorify
47 error     at RegClient.<anonymous> (C:\Program Files\nodejs\node_modules\npm\node_modules\npm-registry-client\lib\request.js:274:14)
47 error     at Request._callback (C:\Program Files\nodejs\node_modules\npm\node_modules\npm-registry-client\lib\request.js:212:65)
47 error     at Request.self.callback (C:\Program Files\nodejs\node_modules\npm\node_modules\request\request.js:123:22)
47 error     at Request.emit (events.js:98:17)
47 error     at Request.<anonymous> (C:\Program Files\nodejs\node_modules\npm\node_modules\request\request.js:893:14)
47 error     at Request.emit (events.js:117:20)
47 error     at IncomingMessage.<anonymous> (C:\Program Files\nodejs\node_modules\npm\node_modules\request\request.js:844:12)
47 error     at IncomingMessage.emit (events.js:117:20)
47 error     at _stream_readable.js:929:16
47 error     at process._tickCallback (node.js:419:13)
48 error If you need help, you may report this *entire* log,
48 error including the npm and node versions, at:
48 error     <http://github.com/npm/npm/issues>
49 error System Windows_NT 6.2.9200
50 error command "C:\\Program Files\\nodejs\\\\node.exe" "C:\\Program Files\\nodejs\\node_modules\\npm\\bin\\npm-cli.js" "publish" "censorify"
51 error cwd C:\Workspaces\Eclipse\nodeJS\censorify
52 error node -v v0.10.29
53 error npm -v 1.4.14
54 verbose exit [ 1, true ]
